<?xml version="1.0" encoding="UTF-8"?>
<testng-results ignored="0" total="1" passed="1" failed="0" skipped="0">
  <reporter-output>
  </reporter-output>
  <suite started-at="2024-06-05T01:03:08 EET" name="Default suite" finished-at="2024-06-05T01:03:13 EET" duration-ms="5210">
    <groups>
    </groups>
    <test started-at="2024-06-05T01:03:08 EET" name="Default test" finished-at="2024-06-05T01:03:13 EET" duration-ms="5210">
      <class name="TestCases">
        <test-method signature="myFirstTest()[pri:0, instance:TestCases@1725dc0f]" started-at="2024-06-05T01:03:08 EET" name="myFirstTest" finished-at="2024-06-05T01:03:13 EET" duration-ms="5148" status="PASS">
          <reporter-output>
          </reporter-output>
        </test-method> <!-- myFirstTest -->
      </class> <!-- TestCases -->
    </test> <!-- Default test -->
  </suite> <!-- Default suite -->
</testng-results>
