<?xml version="1.0" encoding="UTF-8"?>
<!-- Generated by org.testng.reporters.JUnitXMLReporter -->
<testsuite ignored="0" hostname="Dell-102D22" failures="0" tests="4" name="Default test" time="2.543" errors="0" timestamp="2024-06-05T01:20:33 EET">
  <testcase classname="swaglabTest" name="Login" time="0.598"/>
  <testcase classname="swaglabTest" name="VerifythatTheWordProductisthere" time="0.104"/>
  <testcase classname="swaglabTest" name="SortingItems" time="0.285"/>
  <testcase classname="swaglabTest" name="PriceTest" time="0.172"/>
</testsuite> <!-- Default test -->
