<?xml version="1.0" encoding="UTF-8"?>
<testng-results ignored="0" total="1" passed="1" failed="0" skipped="0">
  <reporter-output>
  </reporter-output>
  <suite started-at="2024-06-05T14:09:41 EET" name="Default suite" finished-at="2024-06-05T14:10:17 EET" duration-ms="35609">
    <groups>
    </groups>
    <test started-at="2024-06-05T14:09:41 EET" name="Default test" finished-at="2024-06-05T14:10:17 EET" duration-ms="35609">
      <class name="Test1">
        <test-method is-config="true" signature="mySetup()[pri:0, instance:Test1@1b73be9f]" started-at="2024-06-05T14:09:41 EET" name="mySetup" finished-at="2024-06-05T14:10:13 EET" duration-ms="32342" status="PASS">
          <reporter-output>
          </reporter-output>
        </test-method> <!-- mySetup -->
        <test-method signature="myFirstTest()[pri:0, instance:Test1@1b73be9f]" started-at="2024-06-05T14:10:14 EET" name="myFirstTest" finished-at="2024-06-05T14:10:17 EET" duration-ms="3139" status="PASS">
          <reporter-output>
          </reporter-output>
        </test-method> <!-- myFirstTest -->
      </class> <!-- Test1 -->
    </test> <!-- Default test -->
  </suite> <!-- Default suite -->
</testng-results>
