<?xml version="1.0" encoding="UTF-8"?>
<testng-results ignored="0" total="4" passed="4" failed="0" skipped="0">
  <reporter-output>
  </reporter-output>
  <suite started-at="2024-06-05T01:20:30 EET" name="Default suite" finished-at="2024-06-05T01:20:33 EET" duration-ms="2543">
    <groups>
    </groups>
    <test started-at="2024-06-05T01:20:30 EET" name="Default test" finished-at="2024-06-05T01:20:33 EET" duration-ms="2543">
      <class name="swaglabTest">
        <test-method is-config="true" signature="mySetup()[pri:0, instance:swaglabTest@30b19518]" started-at="2024-06-05T01:20:30 EET" name="mySetup" finished-at="2024-06-05T01:20:31 EET" duration-ms="1241" status="PASS">
          <reporter-output>
          </reporter-output>
        </test-method> <!-- mySetup -->
        <test-method signature="Login()[pri:1, instance:swaglabTest@30b19518]" started-at="2024-06-05T01:20:32 EET" name="Login" finished-at="2024-06-05T01:20:32 EET" duration-ms="598" status="PASS">
          <reporter-output>
          </reporter-output>
        </test-method> <!-- Login -->
        <test-method signature="VerifythatTheWordProductisthere()[pri:2, instance:swaglabTest@30b19518]" started-at="2024-06-05T01:20:32 EET" name="VerifythatTheWordProductisthere" finished-at="2024-06-05T01:20:32 EET" duration-ms="104" status="PASS">
          <reporter-output>
          </reporter-output>
        </test-method> <!-- VerifythatTheWordProductisthere -->
        <test-method signature="SortingItems()[pri:3, instance:swaglabTest@30b19518]" started-at="2024-06-05T01:20:32 EET" name="SortingItems" finished-at="2024-06-05T01:20:33 EET" duration-ms="285" status="PASS">
          <reporter-output>
          </reporter-output>
        </test-method> <!-- SortingItems -->
        <test-method signature="PriceTest()[pri:4, instance:swaglabTest@30b19518]" started-at="2024-06-05T01:20:33 EET" name="PriceTest" finished-at="2024-06-05T01:20:33 EET" duration-ms="172" status="PASS">
          <reporter-output>
          </reporter-output>
        </test-method> <!-- PriceTest -->
      </class> <!-- swaglabTest -->
    </test> <!-- Default test -->
  </suite> <!-- Default suite -->
</testng-results>
